Algoritm genetic pentru determinarea maximului unei functii pozitive pe un domeniu dat.
Functia pentru care va determina maximul este: -1 * x^2 + 1 * x + 2, definita pe intervalul [-1,2].
Dimensiunea populatiei = 20. Precizia = 6. Probabilitatea de recombinare = 0.25. Probabilitatea de mutatie = 0.01. Numarul de etape = 20.

Populatie initiala:
-------------------
1: 1110001010100001001000, x=1.6558136513379438, f(x)=0.9140948033808503
2: 0011000101111010111100, x=-0.4201533071948762, f(x)=1.4033178912583317
3: 1000101101100000101001, x=0.6333302640540923, f(x)=2.232223040687266
4: 1110001101010000011000, x=1.663835573270326, f(x)=0.8954867583905317
5: 1010001110001000010111, x=0.9163986628111112, f(x)=2.0766121536091187
6: 1100000101010010010001, x=1.2654848203803275, f(x)=1.6640329897672976
7: 1111010110001111010101, x=1.8776552901230894, f(x)=0.3520659015958665
8: 1010110000010111010000, x=1.01668965407312, f(x)=1.9830318013737995
9: 1010001010010101111110, x=0.9053029510910116, f(x)=2.085729517836917
10: 0100011110001110111100, x=-0.16142500654773095, f(x)=1.812516960713334
11: 1110011000001101100001, x=1.6959314009482385, f(x)=0.8197480842259837
12: 1010111111010010001111, x=1.0604053099469395, f(x)=1.9359458885832748
13: 1111100010101011010110, x=1.9140938992485204, f(x)=0.25033844410811534
14: 1111111010001011101000, x=1.9829542575074193, f(x)=0.050846670140618944
15: 1111000011110010111000, x=1.8236180791532224, f(x)=0.49803518053873397
16: 1001010010110110101010, x=0.7427369067071865, f(x)=2.1910787941222267
17: 0110111100101011000110, x=0.3027541754181633, f(x)=2.211094084685031
18: 1110111001001000001001, x=1.7923650559730753, f(x)=0.5797925620997102
19: 0000101000001000000110, x=-0.8824418272900848, f(x)=0.33885459415885144
20: 1101000011111110001010, x=1.4491349330883718, f(x)=1.3491428787913318

Probabilitati de selectie:
--------------------------
cromozom 1, probabilitate=0.03564557773669514
cromozom 2, probabilitate=0.0547230733586204
cromozom 3, probabilitate=0.08704663851951491
cromozom 4, probabilitate=0.034919947843846964
cromozom 5, probabilitate=0.08097851522256064
cromozom 6, probabilitate=0.06488978722315539
cromozom 7, probabilitate=0.01372898348985191
cromozom 8, probabilitate=0.07732930322847212
cromozom 9, probabilitate=0.08133405133777946
cromozom 10, probabilitate=0.07067999291017418
cromozom 11, probabilitate=0.031966480886567054
cromozom 12, probabilitate=0.07549316483399685
cromozom 13, probabilitate=0.009762071107870909
cromozom 14, probabilitate=0.0019827909823423224
cromozom 15, probabilitate=0.019421127521830905
cromozom 16, probabilitate=0.08544219833023971
cromozom 17, probabilitate=0.08622270445831332
cromozom 18, probabilitate=0.022609296942772476
cromozom 19, probabilitate=0.013213802039845032
cromozom 20, probabilitate=0.05261049202555019

Intevalele probabilitatilor de selectie:
----------------------------------------
Intervalul 1: [0.0, 0.03564557773669514)
Intervalul 2: [0.03564557773669514, 0.09036865109531554)
Intervalul 3: [0.09036865109531554, 0.17741528961483044)
Intervalul 4: [0.17741528961483044, 0.2123352374586774)
Intervalul 5: [0.2123352374586774, 0.293313752681238)
Intervalul 6: [0.293313752681238, 0.3582035399043934)
Intervalul 7: [0.3582035399043934, 0.3719325233942453)
Intervalul 8: [0.3719325233942453, 0.44926182662271746)
Intervalul 9: [0.44926182662271746, 0.5305958779604969)
Intervalul 10: [0.5305958779604969, 0.601275870870671)
Intervalul 11: [0.601275870870671, 0.6332423517572381)
Intervalul 12: [0.6332423517572381, 0.708735516591235)
Intervalul 13: [0.708735516591235, 0.718497587699106)
Intervalul 14: [0.718497587699106, 0.7204803786814483)
Intervalul 15: [0.7204803786814483, 0.7399015062032791)
Intervalul 16: [0.7399015062032791, 0.8253437045335188)
Intervalul 17: [0.8253437045335188, 0.9115664089918321)
Intervalul 18: [0.9115664089918321, 0.9341757059346046)
Intervalul 19: [0.9341757059346046, 0.9473895079744498)
Intervalul 20: [0.9473895079744498, 1.0)

Selectia de cromozomi:
----------------------
1: u=alegere elitista, corespunzator cromozomului 3
2: u=0.5982151269182949, corespunzator cromozomului 10
3: u=0.640585213290462, corespunzator cromozomului 12
4: u=0.23308045674667455, corespunzator cromozomului 5
5: u=0.2664161321521744, corespunzator cromozomului 5
6: u=0.11217305113585396, corespunzator cromozomului 3
7: u=0.05303369860643459, corespunzator cromozomului 2
8: u=0.9578856861511634, corespunzator cromozomului 20
9: u=0.6900624293344922, corespunzator cromozomului 12
10: u=0.6050674009307017, corespunzator cromozomului 11
11: u=0.2776339281179373, corespunzator cromozomului 5
12: u=0.9962083577727054, corespunzator cromozomului 20
13: u=0.7645813486821591, corespunzator cromozomului 16
14: u=0.3269269904971098, corespunzator cromozomului 6
15: u=0.6468926240724251, corespunzator cromozomului 12
16: u=0.16673950295227946, corespunzator cromozomului 3
17: u=0.6416936415538345, corespunzator cromozomului 12
18: u=0.456923972687455, corespunzator cromozomului 9
19: u=0.2432870123156886, corespunzator cromozomului 5
20: u=0.2742168595712503, corespunzator cromozomului 5

Dupa procesul de selectie:
--------------------------
1: 1000101101100000101001, x=0.6333302640540923, f(x)=2.232223040687266
2: 0100011110001110111100, x=-0.16142500654773095, f(x)=1.812516960713334
3: 1010111111010010001111, x=1.0604053099469395, f(x)=1.9359458885832748
4: 1010001110001000010111, x=0.9163986628111112, f(x)=2.0766121536091187
5: 1010001110001000010111, x=0.9163986628111112, f(x)=2.0766121536091187
6: 1000101101100000101001, x=0.6333302640540923, f(x)=2.232223040687266
7: 0011000101111010111100, x=-0.4201533071948762, f(x)=1.4033178912583317
8: 1101000011111110001010, x=1.4491349330883718, f(x)=1.3491428787913318
9: 1010111111010010001111, x=1.0604053099469395, f(x)=1.9359458885832748
10: 1110011000001101100001, x=1.6959314009482385, f(x)=0.8197480842259837
11: 1010001110001000010111, x=0.9163986628111112, f(x)=2.0766121536091187
12: 1101000011111110001010, x=1.4491349330883718, f(x)=1.3491428787913318
13: 1001010010110110101010, x=0.7427369067071865, f(x)=2.1910787941222267
14: 1100000101010010010001, x=1.2654848203803275, f(x)=1.6640329897672976
15: 1010111111010010001111, x=1.0604053099469395, f(x)=1.9359458885832748
16: 1000101101100000101001, x=0.6333302640540923, f(x)=2.232223040687266
17: 1010111111010010001111, x=1.0604053099469395, f(x)=1.9359458885832748
18: 1010001010010101111110, x=0.9053029510910116, f(x)=2.085729517836917
19: 1010001110001000010111, x=0.9163986628111112, f(x)=2.0766121536091187
20: 1010001110001000010111, x=0.9163986628111112, f(x)=2.0766121536091187

Cromozomii care vor fi recombinati:
-----------------------------------
1: cromozom=1000101101100000101001, probabilitate=0.3520849240767979
2: cromozom=0100011110001110111100, probabilitate=0.23175406825557587 < 0.25 deci va participa
3: cromozom=1010111111010010001111, probabilitate=0.1570197462177091 < 0.25 deci va participa
4: cromozom=1010001110001000010111, probabilitate=0.9067876495605174
5: cromozom=1010001110001000010111, probabilitate=0.15163784661804314 < 0.25 deci va participa
6: cromozom=1000101101100000101001, probabilitate=0.2624784271600388
7: cromozom=0011000101111010111100, probabilitate=0.7319750035793228
8: cromozom=1101000011111110001010, probabilitate=0.8553549338894691
9: cromozom=1010111111010010001111, probabilitate=0.6788210068834891
10: cromozom=1110011000001101100001, probabilitate=0.5832924262309317
11: cromozom=1010001110001000010111, probabilitate=0.7097633702862264
12: cromozom=1101000011111110001010, probabilitate=0.8285651359406377
13: cromozom=1001010010110110101010, probabilitate=0.5305976808742119
14: cromozom=1100000101010010010001, probabilitate=0.7318741363712349
15: cromozom=1010111111010010001111, probabilitate=0.1570575625388383 < 0.25 deci va participa
16: cromozom=1000101101100000101001, probabilitate=0.2735568187605194
17: cromozom=1010111111010010001111, probabilitate=0.9134920736931125
18: cromozom=1010001010010101111110, probabilitate=0.21922501163406216 < 0.25 deci va participa
19: cromozom=1010001110001000010111, probabilitate=0.6949814872077288
20: cromozom=1010001110001000010111, probabilitate=0.43373390469798456

Recombinare dintre cromozomii: 
   cromozomul 5: [1, 0, 1, 0, 0, 0, 1, 1, 1, 0, 0, 0, 1, 0, 0, 0, 0, 1, 0, 1, 1, 1], cromozomul 2: [0, 1, 0, 0, 0, 1, 1, 1, 1, 0, 0, 0, 1, 1, 1, 0, 1, 1, 1, 1, 0, 0], in punctul 4
In urma recombinarii: 
   cromozomul 5: [1, 0, 1, 0, 0, 1, 1, 1, 1, 0, 0, 0, 1, 1, 1, 0, 1, 1, 1, 1, 0, 0], cromozomul 2: [0, 1, 0, 0, 0, 0, 1, 1, 1, 0, 0, 0, 1, 0, 0, 0, 0, 1, 0, 1, 1, 1]
Recombinare dintre cromozomii: 
   cromozomul 15: [1, 0, 1, 0, 1, 1, 1, 1, 1, 1, 0, 1, 0, 0, 1, 0, 0, 0, 1, 1, 1, 1], cromozomul 3: [1, 0, 1, 0, 1, 1, 1, 1, 1, 1, 0, 1, 0, 0, 1, 0, 0, 0, 1, 1, 1, 1], in punctul 15
In urma recombinarii: 
   cromozomul 15: [1, 0, 1, 0, 1, 1, 1, 1, 1, 1, 0, 1, 0, 0, 1, 0, 0, 0, 1, 1, 1, 1], cromozomul 3: [1, 0, 1, 0, 1, 1, 1, 1, 1, 1, 0, 1, 0, 0, 1, 0, 0, 0, 1, 1, 1, 1]

Dupa procesul de recombinare:
--------------------------
1: 1000101101100000101001, x=0.6333302640540923, f(x)=2.232223040687266
2: 0100001110001000010111, x=-0.2086009979248047, f(x)=1.747884625739971
3: 1010111111010010001111, x=1.0604057312011719, f(x)=1.93594541643688
4: 1010001110001000010111, x=0.9163986628111112, f(x)=2.0766121536091187
5: 1010011110001110111100, x=0.9635751247406006, f(x)=2.0350981037217366
6: 1000101101100000101001, x=0.6333302640540923, f(x)=2.232223040687266
7: 0011000101111010111100, x=-0.4201533071948762, f(x)=1.4033178912583317
8: 1101000011111110001010, x=1.4491349330883718, f(x)=1.3491428787913318
9: 1010111111010010001111, x=1.0604053099469395, f(x)=1.9359458885832748
10: 1110011000001101100001, x=1.6959314009482385, f(x)=0.8197480842259837
11: 1010001110001000010111, x=0.9163986628111112, f(x)=2.0766121536091187
12: 1101000011111110001010, x=1.4491349330883718, f(x)=1.3491428787913318
13: 1001010010110110101010, x=0.7427369067071865, f(x)=2.1910787941222267
14: 1100000101010010010001, x=1.2654848203803275, f(x)=1.6640329897672976
15: 1010111111010010001111, x=1.0604057312011719, f(x)=1.93594541643688
16: 1000101101100000101001, x=0.6333302640540923, f(x)=2.232223040687266
17: 1010111111010010001111, x=1.0604053099469395, f(x)=1.9359458885832748
18: 1010001010010101111110, x=0.9053029510910116, f(x)=2.085729517836917
19: 1010001110001000010111, x=0.9163986628111112, f(x)=2.0766121536091187
20: 1010001110001000010111, x=0.9163986628111112, f(x)=2.0766121536091187


Probabilitate de mutatie este de: 0.01
Niciun cromozom nu va fi mutat.

Dupa procesul de mutatie:
--------------------------
1: 1000101101100000101001, x=0.6333302640540923, f(x)=2.232223040687266
2: 0100001110001000010111, x=-0.2086009979248047, f(x)=1.747884625739971
3: 1010111111010010001111, x=1.0604057312011719, f(x)=1.93594541643688
4: 1010001110001000010111, x=0.9163986628111112, f(x)=2.0766121536091187
5: 1010011110001110111100, x=0.9635751247406006, f(x)=2.0350981037217366
6: 1000101101100000101001, x=0.6333302640540923, f(x)=2.232223040687266
7: 0011000101111010111100, x=-0.4201533071948762, f(x)=1.4033178912583317
8: 1101000011111110001010, x=1.4491349330883718, f(x)=1.3491428787913318
9: 1010111111010010001111, x=1.0604053099469395, f(x)=1.9359458885832748
10: 1110011000001101100001, x=1.6959314009482385, f(x)=0.8197480842259837
11: 1010001110001000010111, x=0.9163986628111112, f(x)=2.0766121536091187
12: 1101000011111110001010, x=1.4491349330883718, f(x)=1.3491428787913318
13: 1001010010110110101010, x=0.7427369067071865, f(x)=2.1910787941222267
14: 1100000101010010010001, x=1.2654848203803275, f(x)=1.6640329897672976
15: 1010111111010010001111, x=1.0604057312011719, f(x)=1.93594541643688
16: 1000101101100000101001, x=0.6333302640540923, f(x)=2.232223040687266
17: 1010111111010010001111, x=1.0604053099469395, f(x)=1.9359458885832748
18: 1010001010010101111110, x=0.9053029510910116, f(x)=2.085729517836917
19: 1010001110001000010111, x=0.9163986628111112, f(x)=2.0766121536091187
20: 1010001110001000010111, x=0.9163986628111112, f(x)=2.0766121536091187

Etapa 1: Max fitness: 2.23222304068726584703, Mean fitness 1.86960380553968552597
Etapa 2: Max fitness: 2.23222304068726584703, Mean fitness 1.90799343584963065901
Etapa 3: Max fitness: 2.23222304068726584703, Mean fitness 1.98979715934001855082
Etapa 4: Max fitness: 2.23423730928328723166, Mean fitness 2.05700960659594667135
Etapa 5: Max fitness: 2.23423730928328723166, Mean fitness 2.10145616122400147319
Etapa 6: Max fitness: 2.23423730928328723166, Mean fitness 2.12026799338444238430
Etapa 7: Max fitness: 2.23423730928328723166, Mean fitness 2.14425425107009726133
Etapa 8: Max fitness: 2.23423730928328723166, Mean fitness 2.14052259046134452092
Etapa 9: Max fitness: 2.23423730928328723166, Mean fitness 2.17775286314991944892
Etapa 10: Max fitness: 2.23423730928328723166, Mean fitness 2.19549364158907867051
Etapa 11: Max fitness: 2.23423730928328723166, Mean fitness 2.19763299600281536428
Etapa 12: Max fitness: 2.23423730928328723166, Mean fitness 2.17212976547567127028
Etapa 13: Max fitness: 2.23423730928328723166, Mean fitness 2.18385145907491295958
Etapa 14: Max fitness: 2.23423730928328723166, Mean fitness 2.17864787634384526882
Etapa 15: Max fitness: 2.23423730928328723166, Mean fitness 2.19110591314251923478
Etapa 16: Max fitness: 2.23423730928328723166, Mean fitness 2.21103541677362613882
Etapa 17: Max fitness: 2.23547513177777545934, Mean fitness 2.21095575408650413252
Etapa 18: Max fitness: 2.23547513177777545934, Mean fitness 2.21838036494562818035
Etapa 19: Max fitness: 2.23547513177777545934, Mean fitness 2.21848077224730122481
Etapa 20: Max fitness: 2.23547513177777545934, Mean fitness 2.21873671584262988077
